Log file open, 06/15/17 22:15:03
LogInit:Display: Running engine for game: Marduk
LogPlatformFile: Not using cached read wrapper
LogInit:Display: RandInit(2067342333) SRandInit(2067342334).
LogTaskGraph: Started task graph with 5 named threads and 8 total threads with 1 sets of task threads.
LogStats: Stats thread started at 0.192620
LogInit: Using libcurl 7.47.1
LogInit:  - built for x86_64-pc-win32
LogInit:  - supports SSL with OpenSSL/1.0.2g
LogInit:  - supports HTTP deflate (compression) using libz 1.2.8
LogInit:  - other features:
LogInit:      CURL_VERSION_SSL
LogInit:      CURL_VERSION_LIBZ
LogInit:      CURL_VERSION_IPV6
LogInit:      CURL_VERSION_ASYNCHDNS
LogInit:      CURL_VERSION_LARGEFILE
LogInit:      CURL_VERSION_IDN
LogInit:  CurlRequestOptions (configurable via config and command line):
LogInit:  - bVerifyPeer = false  - Libcurl will NOT verify peer certificate
LogInit:  - bUseHttpProxy = false  - Libcurl will NOT use HTTP proxy
LogInit:  - bDontReuseConnections = false  - Libcurl will reuse connections
LogInit:  - CertBundlePath = nullptr  - Libcurl will use whatever was configured at build time.
LogInit: Build: ++UE4+Release-4.16-CL-3466753
LogInit: Engine Version: 4.16.1-3466753+++UE4+Release-4.16
LogInit: Compatible Engine Version: 4.16.0-3452394+++UE4+Release-4.16
LogInit: Net CL: 3452394
LogDevObjectVersion: Number of dev versions registered: 16
LogDevObjectVersion:   Dev-Blueprints (B0D832E4-1F89-4F0D-ACCF-7EB736FD4AA2): 9
LogDevObjectVersion:   Dev-Build (E1C64328-A22C-4D53-A36C-8E866417BD8C): 0
LogDevObjectVersion:   Dev-Core (375EC13C-06E4-48FB-B500-84F0262A717E): 2
LogDevObjectVersion:   Dev-Editor (E4B068ED-F494-42E9-A231-DA0B2E46BB41): 17
LogDevObjectVersion:   Dev-Framework (CFFC743F-43B0-4480-9391-14DF171D2073): 23
LogDevObjectVersion:   Dev-Mobile (B02B49B5-BB20-44E9-A304-32B752E40360): 0
LogDevObjectVersion:   Dev-Networking (A4E4105C-59A1-49B5-A7C5-40C4547EDFEE): 0
LogDevObjectVersion:   Dev-Online (39C831C9-5AE6-47DC-9A44-9C173E1C8E7C): 0
LogDevObjectVersion:   Dev-Physics (78F01B33-EBEA-4F98-B9B4-84EACCB95AA2): 0
LogDevObjectVersion:   Dev-Platform (6631380F-2D4D-43E0-8009-CF276956A95A): 0
LogDevObjectVersion:   Dev-Rendering (12F88B9F-8875-4AFC-A67C-D90C383ABD29): 15
LogDevObjectVersion:   Dev-Sequencer (7B5AE74C-D270-4C10-A958-57980B212A5A): 4
LogDevObjectVersion:   Dev-VR (D7296918-1DD6-4BDD-9DE2-64A83CC13884): 0
LogDevObjectVersion:   Dev-LoadTimes (C2A15278-BFE7-4AFE-6C17-90FF531DF755): 1
LogDevObjectVersion:   Private-Geometry (6EACA3D4-40EC-4CC1-B786-8BED09428FC5): 1
LogDevObjectVersion:   Dev-AnimPhys (29E575DD-E0A3-4627-9D10-D276232CDCEA): 3
LogInit: Compiled (64-bit): May 31 2017 02:03:30
LogInit: Compiled with Visual C++: 19.00.24215.01
LogInit: Build Configuration: Development
LogInit: Branch Name: ++UE4+Release-4.16
LogInit: Command line: -EpicPortal 
LogInit: Base directory: D:/Workspace/Programs/UE_4.16/Engine/Binaries/Win64/
LogInit: Installed Engine Build: 1
LogInit: Presizing for max 8388607 objects, including 0 objects not considered by GC, pre-allocating 0 bytes for permanent pool.
LogInit: Object subsystem initialized
[2017.06.15-19.15.05:183][  0]LogInit: Selected Device Profile: [Windows]
[2017.06.15-19.15.05:183][  0]LogInit: Applying CVar settings loaded from the selected device profile: [Windows]
[2017.06.15-19.15.05:209][  0]LogInit: Computer: SKAIA
[2017.06.15-19.15.05:209][  0]LogInit: User: SyfeNora
[2017.06.15-19.15.05:209][  0]LogInit: CPU Page size=4096, Cores=4
[2017.06.15-19.15.05:209][  0]LogInit: High frequency timer resolution =1.754525 MHz
[2017.06.15-19.15.05:210][  0]LogMemory: Memory total: Physical=6.9GB (7GB approx)
[2017.06.15-19.15.05:210][  0]LogMemory: Platform Memory Stats for Windows
[2017.06.15-19.15.05:210][  0]LogMemory: Process Physical Memory: 270.29 MB used, 270.29 MB peak
[2017.06.15-19.15.05:210][  0]LogMemory: Process Virtual Memory: 258.42 MB used, 258.42 MB peak
[2017.06.15-19.15.05:210][  0]LogMemory: Physical Memory: 3398.14 MB used,  3694.53 MB free, 7092.66 MB total
[2017.06.15-19.15.05:210][  0]LogMemory: Virtual Memory: 614.86 MB used,  3694.53 MB free, 134217728.00 MB total
[2017.06.15-19.15.05:441][  0]LogInit: Using OS detected language (ru-RU).
[2017.06.15-19.15.05:441][  0]LogInit: Using OS detected locale (ru-RU).
[2017.06.15-19.15.05:448][  0]LogTextLocalizationManager: No localization for 'ru-RU' exists, so 'en' will be used for the language.
[2017.06.15-19.15.05:449][  0]LogTextLocalizationManager: No localization for 'ru-RU' exists, so 'en' will be used for the locale.
[2017.06.15-19.15.07:799][  0]LogD3D11RHI: D3D11 adapters:
[2017.06.15-19.15.07:831][  0]LogD3D11RHI:    0. 'AMD Radeon(TM) R3 Graphics' (Feature Level 11_0)
[2017.06.15-19.15.07:831][  0]LogD3D11RHI:       1005/0/3328 MB DedicatedVideo/DedicatedSystem/SharedSystem, Outputs:1, VendorId:0x1002
[2017.06.15-19.15.07:834][  0]LogD3D11RHI:    1. 'Microsoft Basic Render Driver' (Feature Level 11_0)
[2017.06.15-19.15.07:834][  0]LogD3D11RHI:       0/0/256 MB DedicatedVideo/DedicatedSystem/SharedSystem, Outputs:0, VendorId:0x1414
[2017.06.15-19.15.07:834][  0]LogD3D11RHI: Chosen D3D11 Adapter: 0
[2017.06.15-19.15.07:845][  0]LogD3D11RHI: Creating new Direct3DDevice
[2017.06.15-19.15.07:845][  0]LogD3D11RHI:     GPU DeviceId: 0x9850 (for the marketing name, search the web for "GPU Device Id")
[2017.06.15-19.15.07:845][  0]LogWindows: EnumDisplayDevices:
[2017.06.15-19.15.07:846][  0]LogWindows:    0. 'AMD Radeon(TM) R3 Graphics' (P:1 D:1)
[2017.06.15-19.15.07:846][  0]LogWindows:    1. 'AMD Radeon(TM) R3 Graphics' (P:0 D:0)
[2017.06.15-19.15.07:847][  0]LogWindows: DebugString: FoundDriverCount:2 
[2017.06.15-19.15.07:847][  0]LogD3D11RHI:     Adapter Name: AMD Radeon(TM) R3 Graphics
[2017.06.15-19.15.07:847][  0]LogD3D11RHI:   Driver Version: Crimson ReLive 16.12.2 (internal:21.19.407.0, unified:21.19.407.0)
[2017.06.15-19.15.07:847][  0]LogD3D11RHI:      Driver Date: 12-23-2016
[2017.06.15-19.15.07:847][  0]LogRHI: Texture pool is 703 MB (70% of 1005 MB)
[2017.06.15-19.15.07:913][  0]LogD3D11RHI: Async texture creation enabled
[2017.06.15-19.15.07:931][  0]LogD3D11RHI: GPU Timing Frequency: 100.000000 (Debug: 2 1)
[2017.06.15-19.15.07:933][  0]LogShaderCompilers: Guid format shader working directory is 17 characters bigger than the processId version (../../../../../UEProjects/Marduk/Intermediate/Shaders/WorkingDirectory/3868/).
[2017.06.15-19.15.07:933][  0]LogShaderCompilers: Cleaned the shader compiler working directory 'C:/Users/SyfeNora/AppData/Local/Temp/UnrealShaderWorkingDir/0AA394E640399685F4EC83BAD3D1D970/'.
[2017.06.15-19.15.07:933][  0]LogShaderCompilers:Display: Using Local Shader Compiler.
[2017.06.15-19.15.11:654][  0]LogTemp:Display: Loaded TP AllDesktopTargetPlatform
[2017.06.15-19.15.11:828][  0]LogTemp:Display: Loaded TP MacClientTargetPlatform
[2017.06.15-19.15.12:006][  0]LogTemp:Display: Loaded TP MacNoEditorTargetPlatform
[2017.06.15-19.15.12:181][  0]LogTemp:Display: Loaded TP MacServerTargetPlatform
[2017.06.15-19.15.12:364][  0]LogTemp:Display: Loaded TP MacTargetPlatform
[2017.06.15-19.15.12:539][  0]LogTemp:Display: Loaded TP WindowsClientTargetPlatform
[2017.06.15-19.15.12:714][  0]LogTemp:Display: Loaded TP WindowsNoEditorTargetPlatform
[2017.06.15-19.15.12:888][  0]LogTemp:Display: Loaded TP WindowsServerTargetPlatform
[2017.06.15-19.15.13:040][  0]LogTemp:Display: Loaded TP WindowsTargetPlatform
[2017.06.15-19.15.13:211][  0]LogTemp:Display: Loaded TP AndroidTargetPlatform
[2017.06.15-19.15.13:385][  0]LogTemp:Display: Loaded TP Android_ASTCTargetPlatform
[2017.06.15-19.15.13:556][  0]LogTemp:Display: Loaded TP Android_ATCTargetPlatform
[2017.06.15-19.15.13:728][  0]LogTemp:Display: Loaded TP Android_DXTTargetPlatform
[2017.06.15-19.15.13:902][  0]LogTemp:Display: Loaded TP Android_ETC1TargetPlatform
[2017.06.15-19.15.14:075][  0]LogTemp:Display: Loaded TP Android_ETC2TargetPlatform
[2017.06.15-19.15.14:417][  0]LogTemp:Display: Loaded TP Android_MultiTargetPlatform
[2017.06.15-19.15.14:417][  0]LogTemp:Display: Loaded TP Android_PVRTCTargetPlatform
[2017.06.15-19.15.14:552][  0]LogTemp:Display: Loaded TP HTML5TargetPlatform
[2017.06.15-19.15.14:817][  0]LogTemp:Display: Loaded TP IOSTargetPlatform
[2017.06.15-19.15.14:924][  0]LogTemp:Display: Loaded TP TVOSTargetPlatform
[2017.06.15-19.15.15:095][  0]LogTemp:Display: Loaded TP LinuxClientTargetPlatform
[2017.06.15-19.15.15:266][  0]LogTemp:Display: Loaded TP LinuxNoEditorTargetPlatform
[2017.06.15-19.15.15:437][  0]LogTemp:Display: Loaded TP LinuxServerTargetPlatform
[2017.06.15-19.15.15:608][  0]LogTemp:Display: Loaded TP LinuxTargetPlatform
[2017.06.15-19.15.15:608][  0]LogTargetPlatformManager:Display: Building Assets For Windows
[2017.06.15-19.15.17:218][  0]LogDerivedDataCache:Display: Max Cache Size: 512 MB
[2017.06.15-19.15.17:569][  0]LogDerivedDataCache: Loaded boot cache 0.35s 90MB C:/Users/SyfeNora/AppData/Local/UnrealEngine/4.16/DerivedDataCache/Boot.ddc.
[2017.06.15-19.15.17:570][  0]LogDerivedDataCache:Display: Loaded Boot cache: C:/Users/SyfeNora/AppData/Local/UnrealEngine/4.16/DerivedDataCache/Boot.ddc
[2017.06.15-19.15.17:570][  0]LogDerivedDataCache: FDerivedDataBackendGraph:  Pak pak cache file ../../../../../UEProjects/Marduk/DerivedDataCache/DDC.ddp not found, will not use a pak cache.
[2017.06.15-19.15.17:570][  0]LogDerivedDataCache: Unable to find inner node Pak for hierarchical cache Hierarchy.
[2017.06.15-19.15.17:570][  0]LogDerivedDataCache: FDerivedDataBackendGraph:  CompressedPak pak cache file ../../../../../UEProjects/Marduk/DerivedDataCache/Compressed.ddp not found, will not use a pak cache.
[2017.06.15-19.15.17:570][  0]LogDerivedDataCache: Unable to find inner node CompressedPak for hierarchical cache Hierarchy.
[2017.06.15-19.15.17:650][  0]LogDerivedDataCache:Display: Pak cache opened for reading ../../../Engine/DerivedDataCache/Compressed.ddp.
[2017.06.15-19.15.17:664][  0]LogDerivedDataCache: Using Local data cache path C:/Users/SyfeNora/AppData/Local/UnrealEngine/Common/DerivedDataCache: Writable
[2017.06.15-19.15.17:703][  0]LogMaterial: Verifying Global Shaders for PCD3D_SM5
[2017.06.15-19.15.17:704][  0]LogSlate: Using Freetype 2.6.0
[2017.06.15-19.15.17:705][  0]LogSlate: SlateFontCache - WITH_FREETYPE: 1, WITH_HARFBUZZ: 1
[2017.06.15-19.15.17:705][  0]LogSlate: SlateFontCache - WITH_FREETYPE: 1, WITH_HARFBUZZ: 1
[2017.06.15-19.15.18:953][  0]LogInit: Selected Device Profile: [Windows]
[2017.06.15-19.15.19:271][  0]LogContentStreaming: Texture pool size is 0.00 MB
[2017.06.15-19.15.19:796][  0]LogMeshUtilities: Using QuadricMeshReduction for automatic static mesh reduction
[2017.06.15-19.15.19:946][  0]LogSimplygon: Simplygon DLL not present - disabling.
[2017.06.15-19.15.20:102][  0]LogMeshUtilities: Using SimplygonSwarm for distributed automatic mesh merging
[2017.06.15-19.15.20:102][  0]LogMeshUtilities: No automatic skeletal mesh reduction module available
[2017.06.15-19.15.20:102][  0]LogMeshUtilities: No automatic mesh merging module available
[2017.06.15-19.15.22:004][  0]LogNetVersion: Marduk , NetCL: 3452394, EngineNetVer: 2, GameNetVer: 0 (Checksum: 1395974899)
[2017.06.15-19.15.22:160][  0]LogAssetRegistry: FAssetRegistry took 0.0391 seconds to start up
[2017.06.15-19.15.22:294][  0]LogPackageLocalizationCache: Processed 4 localized package path(s) for 1 prioritized culture(s) in 0.056293 seconds
[2017.06.15-19.15.22:318][  0]LogUObjectArray: 34194 objects as part of root set at end of initial load.
[2017.06.15-19.15.22:318][  0]LogUObjectAllocator: 7260424 out of 0 bytes used by permanent object pool.
[2017.06.15-19.15.22:318][  0]LogUObjectArray: CloseDisregardForGC: 0/0 objects in disregard for GC pool
[2017.06.15-19.15.22:545][  0]LogInit: WinSock: version 1.1 (2.2), MaxSocks=32767, MaxUdp=65467
[2017.06.15-19.15.30:293][  0]LogTcpMessaging: Initializing TcpMessaging bridge
[2017.06.15-19.15.30:422][  0]LogUdpMessaging: Initializing bridge on interface 0.0.0.0:0 to multicast group 230.0.0.1:6666.
[2017.06.15-19.15.32:010][  0]LogMaterial: Uniform references updated for custom material expression Custom.
[2017.06.15-19.15.33:359][  0]SourceControl: Info Source control is disabled
[2017.06.15-19.15.33:554][  0]SourceControl: Info Source control is disabled
[2017.06.15-19.15.33:708][  0]SourceControl: Info Source control is disabled
[2017.06.15-19.15.33:861][  0]SourceControl: Info Source control is disabled
[2017.06.15-19.15.34:675][  0]LogLinker:Warning: Can't find file '/Game/ThirdPersonBP/ThirdPersonOverview'
[2017.06.15-19.15.34:675][  0]LogLinker:Warning: Can't find file '/Game/ThirdPersonBP/ThirdPersonOverview'
[2017.06.15-19.15.34:676][  0]LogUObjectGlobals:Warning: Failed to find object 'Class /Game/ThirdPersonBP/ThirdPersonOverview.ThirdPersonOverview_C'
[2017.06.15-19.15.36:043][  0]LogAndroidPermission: UAndroidPermissionCallbackProxy::GetInstance
[2017.06.15-19.15.37:951][  0]LogEngine: Initializing Engine...
[2017.06.15-19.15.37:953][  0]LogHMD: Failed to initialize OpenVR with code 110
[2017.06.15-19.15.38:679][  0]LogStats: UGameplayTagsManager::ConstructGameplayTagTree: Construct from data asset -  0.000 s
[2017.06.15-19.15.38:679][  0]LogStats: UGameplayTagsManager::ConstructGameplayTagTree: GameplayTagTreeChangedEvent.Broadcast -  0.000 s
[2017.06.15-19.15.39:121][  0]LogAIModule: Creating AISystem for world Untitled
[2017.06.15-19.15.39:140][  0]LogInit: XAudio2 using 'Динамики (Устройство с поддержкой High Definition Audio)' : 2 channels at 44.1 kHz using 16 bits per sample (channel mask 0x3)
[2017.06.15-19.15.39:175][  0]LogInit: FAudioDevice initialized.
[2017.06.15-19.15.39:316][  0]LogDerivedDataCache: Saved boot cache 0.14s 90MB C:/Users/SyfeNora/AppData/Local/UnrealEngine/4.16/DerivedDataCache/Boot.ddc.
[2017.06.15-19.15.39:379][  0]LogInit: Texture streaming: Enabled
[2017.06.15-19.15.39:693][  0]LogEngineSessionManager: EngineSessionManager initialized
[2017.06.15-19.15.40:404][  0]LogInit: Transaction tracking system initialized
[2017.06.15-19.15.41:491][  0]BlueprintLog: New page: Editor Load
[2017.06.15-19.15.44:914][  0]LocalizationService: Info Localization service is disabled
[2017.06.15-19.15.48:079][  0]LogConsoleResponse:Display: 
[2017.06.15-19.15.48:531][  0]LogFileCache: Scanning file cache for directory 'D:/Workspace/UEProjects/Marduk/Content/' took 0.01s
[2017.06.15-19.15.48:531][  0]LogCook:Display: Max memory allowance for cook 16384mb min free memory 0mb
[2017.06.15-19.15.48:532][  0]LogCook:Display: Mobile HDR setting 1
[2017.06.15-19.15.51:858][  0]SourceControl: Info Source control is disabled
[2017.06.15-19.15.51:858][  0]Cmd: MAP LOAD FILE="../../../Engine/Content/Maps/Templates/Template_Default.umap" TEMPLATE=1 SHOWPROGRESS=1 FEATURELEVEL=3
[2017.06.15-19.15.51:860][  0]LightingResults: New page: Lighting Build
[2017.06.15-19.15.51:993][  0]MapCheck: New page: Map Check
[2017.06.15-19.15.51:993][  0]LightingResults: New page: Lighting Build
[2017.06.15-19.15.52:835][  0]LogAIModule: Creating AISystem for world Untitled_1
[2017.06.15-19.15.52:838][  0]LogActorComponent: RegisterComponentWithWorld: (/Temp/Untitled_1.Untitled_1:PersistentLevel.WorldSettings_1.StaticMeshComponent0) Trying to register component with IsPendingKill() == true. Aborting.
[2017.06.15-19.15.52:857][  0]LogEditorServer: Finished looking for orphan Actors (0.000 secs)
[2017.06.15-19.15.52:902][  0]Cmd: MAP CHECKDEP NOCLEARLOG
[2017.06.15-19.15.53:014][  0]MapCheck: Info Map check complete: 0 Error(s), 0 Warning(s), took 112.365ms to complete.
[2017.06.15-19.15.53:014][  0]LogFileHelpers: Loading map 'Template_Default' took 1.156
[2017.06.15-19.15.53:088][  0]LogWindowsTextInputMethodSystem:Display: IME system now deactivated.
[2017.06.15-19.15.53:324][  0]LogCollectionManager: Loaded 0 collections in 0.003893 seconds
[2017.06.15-19.15.53:514][  0]LogFileCache: Scanning file cache for directory 'D:/Workspace/UEProjects/Marduk/Saved/Collections/' took 0.01s
[2017.06.15-19.15.53:514][  0]LogFileCache: Scanning file cache for directory 'D:/Workspace/UEProjects/Marduk/Content/Developers/SyfeNora/Collections/' took 0.01s
[2017.06.15-19.15.53:514][  0]LogFileCache: Scanning file cache for directory 'D:/Workspace/UEProjects/Marduk/Content/Collections/' took 0.01s
[2017.06.15-19.15.53:514][  0]LogCollectionManager: Rebuilt the GUID cache for 0 collections in 0.000006 seconds
[2017.06.15-19.15.53:551][  0]LogContentBrowser: Native class hierarchy populated in 0.0371 seconds. Added 2329 classes and 491 folders.
[2017.06.15-19.15.53:761][  0]LogContentBrowser: Native class hierarchy updated for 'WidgetCarousel' in 0.0017 seconds. Added 0 classes and 0 folders.
[2017.06.15-19.15.53:872][  0]LogContentBrowser: Native class hierarchy updated for 'AddContentDialog' in 0.0017 seconds. Added 0 classes and 0 folders.
[2017.06.15-19.15.54:020][  0]LogContentBrowser: Native class hierarchy updated for 'SceneOutliner' in 0.0019 seconds. Added 1 classes and 2 folders.
[2017.06.15-19.15.54:151][  0]LogCrashTracker: Crashtracker disabled due to settings.
[2017.06.15-19.15.54:160][  0]LogSlate: Took 0.000399 seconds to synchronously load lazily loaded font '../../../Engine/Content/Slate/Fonts/Roboto-Regular.ttf' (155K)
[2017.06.15-19.15.54:173][  0]LogSlate: Took 0.000553 seconds to synchronously load lazily loaded font '../../../Engine/Content/Slate/Fonts/Roboto-Bold.ttf' (160K)
[2017.06.15-19.15.54:181][  0]LogSlate: Took 0.000568 seconds to synchronously load lazily loaded font '../../../Engine/Content/Editor/Slate/Fonts/FontAwesome.ttf' (139K)
[2017.06.15-19.15.54:448][  0]LogRenderer: Reallocating scene render targets to support 1048x612 NumSamples 1 (Frame:1).
[2017.06.15-19.15.54:738][  0]LogUObjectGlobals:Warning: Failed to find object 'Class None.'
[2017.06.15-19.15.54:905][  0]LogContentBrowser: Native class hierarchy updated for 'HierarchicalLODOutliner' in 0.0018 seconds. Added 1 classes and 2 folders.
[2017.06.15-19.15.54:905][  0]LogLoad: (Engine Initialization) Total time: 54.04 seconds
[2017.06.15-19.15.54:905][  0]LogLoad: (Engine Initialization) Total Blueprint compile time: 0.35 seconds
[2017.06.15-19.15.54:905][  0]LogExternalProfiler: Found external profiler: VSPerf
[2017.06.15-19.15.54:905][  0]LogExternalProfiler: Using external profiler: VSPerf
[2017.06.15-19.15.54:924][  0]LogOcInput: OculusInput pre-init called
[2017.06.15-19.15.54:924][  0]LogHMD: Starting GearVRController plugin
[2017.06.15-19.15.54:956][  0]LogContentStreaming: Texture pool size now 400 MB
[2017.06.15-19.15.55:167][  3]LogAssetRegistry: Asset discovery search completed in 33.0308 seconds
[2017.06.15-19.15.55:174][  3]LogCollectionManager: Rebuilt the object cache for 0 collections in 0.000002 seconds (found 0 objects)
[2017.06.15-19.15.55:174][  3]LogCollectionManager: Fixed up redirectors for 0 collections in 0.000134 seconds (updated 0 objects)
[2017.06.15-19.16.07:344][254]LogSlate: Only BGRA pngs, bmps or icos are supported in by External Image Picker
[2017.06.15-19.16.07:521][255]LogTemp: Executing iPhonePackager certificates Engine -bundlename com.YourCompany.Marduk
[2017.06.15-19.16.07:521][255]LogTemp: CWD: D:\Workspace\Programs\UE_4.16\Engine\Binaries\DotNET\IOS
[2017.06.15-19.16.07:521][255]LogTemp: Initial Dir: D:\Workspace\Programs\UE_4.16
[2017.06.15-19.16.07:521][255]LogTemp: Env CWD: D:\Workspace\Programs\UE_4.16\Engine\Binaries\DotNET\IOS
[2017.06.15-19.16.07:521][255]LogTemp: BranchPath = SKAIA/D/Workspace/Programs/UE_4.16/Engine/Binaries --- GameBranchPath = SKAIA/D/Workspace/Programs/UE_4.16/Engine/Binaries
[2017.06.15-19.16.07:550][256]LogTemp: IPP ERROR: Could not find provision directory 'C:\Users\SyfeNora\AppData\Local/Apple Computer/MobileDevice/Provisioning Profiles/'.
[2017.06.15-19.16.37:120][747]LogSlate: Took 0.000488 seconds to synchronously load lazily loaded font '../../../Engine/Content/Slate/Fonts/Roboto-Light.ttf' (159K)
[2017.06.15-19.16.37:967][747]Cmd: OBJ SAVEPACKAGE PACKAGE="/Game/NewMap" FILE="../../../../../UEProjects/Marduk/Content/NewMap.umap" SILENT=true AUTOSAVING=false KEEPDIRTY=false
[2017.06.15-19.16.38:104][747]LogSavePackage: Save=100.27ms
[2017.06.15-19.16.38:104][747]LogSavePackage: Moving '../../../../../UEProjects/Marduk/Saved/NewMapBCCE6C664255AB141A4953979F2F9059.tmp' to '../../../../../UEProjects/Marduk/Content/NewMap.umap'
[2017.06.15-19.16.38:107][747]LogSavePackage:Display: Finished SavePackage ../../../../../UEProjects/Marduk/Content/NewMap.umap
[2017.06.15-19.16.38:155][747]LogFileHelpers: Saving map 'NewMap' took 1.205
[2017.06.15-19.16.38:258][751]LogSlate: Took 0.000714 seconds to synchronously load lazily loaded font '../../../Engine/Content/Slate/Fonts/Roboto-Light.ttf' (159K)
[2017.06.15-19.16.42:805][839]LogWindowsTextInputMethodSystem:Display: IME system now deactivated.
[2017.06.15-19.16.43:124][840]Cmd: QUIT_EDITOR
[2017.06.15-19.16.43:196][840]LogExit: Preparing to exit.
[2017.06.15-19.16.43:761][840]LogDirectoryWatcher: A directory notification for 'D:/Workspace/UEProjects/Marduk/Content/' was aborted.
[2017.06.15-19.16.43:800][840]LogExit: Editor shut down
[2017.06.15-19.16.43:816][840]LogExit: Transaction tracking system shut down
[2017.06.15-19.16.44:054][840]LogObj: Freed 0b from 0 cluster array pools.
[2017.06.15-19.16.44:055][840]LogExit: Object subsystem successfully closed.
[2017.06.15-19.16.44:309][840]LogD3D11RHI: Shutdown
[2017.06.15-19.16.44:309][840]LogD3D11RHI: CleanupD3DDevice
[2017.06.15-19.16.44:483][840]LogD3D11RHI: ~FD3D11DynamicRHI
[2017.06.15-19.16.44:524][840]LogModuleManager: Shutting down and abandoning module ExternalImagePicker (526)
[2017.06.15-19.16.44:524][840]LogModuleManager: Shutting down and abandoning module HierarchicalLODOutliner (524)
[2017.06.15-19.16.44:524][840]LogModuleManager: Shutting down and abandoning module CrashTracker (522)
[2017.06.15-19.16.44:524][840]LogModuleManager: Shutting down and abandoning module SceneOutliner (520)
[2017.06.15-19.16.44:524][840]LogModuleManager: Shutting down and abandoning module AddContentDialog (518)
[2017.06.15-19.16.44:524][840]LogDirectoryWatcher: A directory notification for 'D:/Workspace/Programs/UE_4.16/FeaturePacks/' was aborted.
[2017.06.15-19.16.44:535][840]LogModuleManager: Shutting down and abandoning module WidgetCarousel (517)
[2017.06.15-19.16.44:535][840]LogModuleManager: Shutting down and abandoning module EditorWidgets (514)
[2017.06.15-19.16.44:535][840]LogModuleManager: Shutting down and abandoning module CollectionManager (512)
[2017.06.15-19.16.44:535][840]LogDirectoryWatcher: A directory notification for 'D:/Workspace/UEProjects/Marduk/Content/Collections/' was aborted.
[2017.06.15-19.16.44:536][840]LogDirectoryWatcher: A directory notification for 'D:/Workspace/UEProjects/Marduk/Content/Developers/SyfeNora/Collections/' was aborted.
[2017.06.15-19.16.44:536][840]LogDirectoryWatcher: A directory notification for 'D:/Workspace/UEProjects/Marduk/Saved/Collections/' was aborted.
[2017.06.15-19.16.44:536][840]LogModuleManager: Shutting down and abandoning module StatsViewer (510)
[2017.06.15-19.16.44:536][840]LogModuleManager: Shutting down and abandoning module FoliageEdit (508)
[2017.06.15-19.16.44:536][840]LogModuleManager: Shutting down and abandoning module LandscapeEditor (506)
[2017.06.15-19.16.44:536][840]LogModuleManager: Shutting down and abandoning module MeshPaintMode (504)
[2017.06.15-19.16.44:536][840]LogModuleManager: Shutting down and abandoning module SceneDepthPickerMode (502)
[2017.06.15-19.16.44:536][840]LogModuleManager: Shutting down and abandoning module ActorPickerMode (500)
[2017.06.15-19.16.44:536][840]LogModuleManager: Shutting down and abandoning module GeometryMode (498)
[2017.06.15-19.16.44:536][840]LogModuleManager: Shutting down and abandoning module TextureAlignMode (496)
[2017.06.15-19.16.44:536][840]LogModuleManager: Shutting down and abandoning module BspMode (494)
[2017.06.15-19.16.44:537][840]LogModuleManager: Shutting down and abandoning module HardwareSurvey (492)
[2017.06.15-19.16.44:537][840]LogModuleManager: Shutting down and abandoning module SequenceRecorderSections (490)
[2017.06.15-19.16.44:537][840]LogModuleManager: Shutting down and abandoning module AutomationWorker (488)
[2017.06.15-19.16.44:537][840]LogModuleManager: Shutting down and abandoning module MatineeToLevelSequence (486)
[2017.06.15-19.16.44:537][840]LogModuleManager: Shutting down and abandoning module LevelSequenceEditor (484)
[2017.06.15-19.16.44:537][840]LogModuleManager: Shutting down and abandoning module PlacementMode (483)
[2017.06.15-19.16.44:537][840]LogModuleManager: Shutting down and abandoning module WmfMediaFactory (480)
[2017.06.15-19.16.44:537][840]LogModuleManager: Shutting down and abandoning module WmfMediaEditor (478)
[2017.06.15-19.16.44:537][840]LogModuleManager: Shutting down and abandoning module AvfMediaFactory (476)
[2017.06.15-19.16.44:537][840]LogModuleManager: Shutting down and abandoning module AvfMediaEditor (474)
[2017.06.15-19.16.44:537][840]LogModuleManager: Shutting down and abandoning module AndroidMediaFactory (472)
[2017.06.15-19.16.44:537][840]LogModuleManager: Shutting down and abandoning module Media (471)
[2017.06.15-19.16.44:537][840]LogModuleManager: Shutting down and abandoning module AndroidMediaEditor (468)
[2017.06.15-19.16.44:537][840]LogModuleManager: Shutting down and abandoning module CharacterAI (466)
[2017.06.15-19.16.44:537][840]LogModuleManager: Shutting down and abandoning module AudioCapture (464)
[2017.06.15-19.16.44:537][840]LogModuleManager: Shutting down and abandoning module SequenceRecorder (463)
[2017.06.15-19.16.44:537][840]LogModuleManager: Shutting down and abandoning module SmartSnapping (460)
[2017.06.15-19.16.44:537][840]LogModuleManager: Shutting down and abandoning module SessionServices (458)
[2017.06.15-19.16.44:538][840]LogModuleManager: Shutting down and abandoning module ViewportSnapping (456)
[2017.06.15-19.16.44:538][840]LogModuleManager: Shutting down and abandoning module ViewportInteraction (454)
[2017.06.15-19.16.44:538][840]LogModuleManager: Shutting down and abandoning module ClothPainter (452)
[2017.06.15-19.16.44:538][840]LogModuleManager: Shutting down and abandoning module LogVisualizer (450)
[2017.06.15-19.16.44:538][840]LogModuleManager: Shutting down and abandoning module IntroTutorials (448)
[2017.06.15-19.16.44:538][840]LogModuleManager: Shutting down and abandoning module GameProjectGeneration (447)
[2017.06.15-19.16.44:538][840]LogModuleManager: Shutting down and abandoning module EditorLiveStreaming (444)
[2017.06.15-19.16.44:538][840]LogModuleManager: Shutting down and abandoning module IOSPlatformEditor (442)
[2017.06.15-19.16.44:538][840]LogModuleManager: Shutting down and abandoning module HTML5PlatformEditor (440)
[2017.06.15-19.16.44:538][840]LogModuleManager: Shutting down and abandoning module AndroidPlatformEditor (438)
[2017.06.15-19.16.44:538][840]LogModuleManager: Shutting down and abandoning module AndroidDeviceDetection (437)
[2017.06.15-19.16.45:037][840]LogModuleManager: Shutting down and abandoning module IOSRuntimeSettings (434)
[2017.06.15-19.16.45:037][840]LogModuleManager: Shutting down and abandoning module AndroidRuntimeSettings (432)
[2017.06.15-19.16.45:037][840]LogModuleManager: Shutting down and abandoning module InputBindingEditor (430)
[2017.06.15-19.16.45:037][840]LogModuleManager: Shutting down and abandoning module MergeActors (428)
[2017.06.15-19.16.45:037][840]LogModuleManager: Shutting down and abandoning module SizeMap (426)
[2017.06.15-19.16.45:037][840]LogModuleManager: Shutting down and abandoning module TreeMap (424)
[2017.06.15-19.16.45:038][840]LogModuleManager: Shutting down and abandoning module ReferenceViewer (422)
[2017.06.15-19.16.45:038][840]LogModuleManager: Shutting down and abandoning module LocalizationDashboard (420)
[2017.06.15-19.16.45:038][840]LogModuleManager: Shutting down and abandoning module LocalizationService (419)
[2017.06.15-19.16.45:038][840]LogModuleManager: Shutting down and abandoning module HardwareTargeting (416)
[2017.06.15-19.16.45:038][840]LogModuleManager: Shutting down and abandoning module DeviceProfileEditor (414)
[2017.06.15-19.16.45:038][840]LogModuleManager: Shutting down and abandoning module UndoHistory (412)
[2017.06.15-19.16.45:038][840]LogModuleManager: Shutting down and abandoning module UserFeedback (410)
[2017.06.15-19.16.45:038][840]LogModuleManager: Shutting down and abandoning module XmlParser (408)
[2017.06.15-19.16.45:038][840]LogModuleManager: Shutting down and abandoning module Blutility (406)
[2017.06.15-19.16.45:038][840]LogModuleManager: Shutting down and abandoning module ProjectSettingsViewer (404)
[2017.06.15-19.16.45:038][840]LogModuleManager: Shutting down and abandoning module ProjectTargetPlatformEditor (403)
[2017.06.15-19.16.45:039][840]LogModuleManager: Shutting down and abandoning module EditorSettingsViewer (400)
[2017.06.15-19.16.45:040][840]LogModuleManager: Shutting down and abandoning module SettingsEditor (398)
[2017.06.15-19.16.45:040][840]LogModuleManager: Shutting down and abandoning module ProjectLauncher (396)
[2017.06.15-19.16.45:040][840]LogModuleManager: Shutting down and abandoning module SessionFrontend (394)
[2017.06.15-19.16.45:040][840]LogModuleManager: Shutting down and abandoning module ProfilerClient (392)
[2017.06.15-19.16.45:040][840]LogModuleManager: Shutting down and abandoning module DeviceManager (390)
[2017.06.15-19.16.45:040][840]LogModuleManager: Shutting down and abandoning module TargetDeviceServices (389)
[2017.06.15-19.16.45:083][840]LogModuleManager: Shutting down and abandoning module AutomationController (386)
[2017.06.15-19.16.45:083][840]LogModuleManager: Shutting down and abandoning module AutomationWindow (384)
[2017.06.15-19.16.45:083][840]LogModuleManager: Shutting down and abandoning module Layers (382)
[2017.06.15-19.16.45:083][840]LogModuleManager: Shutting down and abandoning module ComponentVisualizers (380)
[2017.06.15-19.16.45:083][840]LogModuleManager: Shutting down and abandoning module DetailCustomizations (378)
[2017.06.15-19.16.45:084][840]LogModuleManager: Shutting down and abandoning module PackagesDialog (376)
[2017.06.15-19.16.45:084][840]LogModuleManager: Shutting down and abandoning module Persona (374)
[2017.06.15-19.16.45:084][840]LogModuleManager: Shutting down and abandoning module AdvancedPreviewScene (373)
[2017.06.15-19.16.45:084][840]LogModuleManager: Shutting down and abandoning module AnimGraph (371)
[2017.06.15-19.16.45:084][840]LogModuleManager: Shutting down and abandoning module Kismet (368)
[2017.06.15-19.16.45:086][840]LogModuleManager: Shutting down and abandoning module ClassViewer (366)
[2017.06.15-19.16.45:086][840]LogModuleManager: Shutting down and abandoning module Toolbox (364)
[2017.06.15-19.16.45:086][840]LogModuleManager: Shutting down and abandoning module ModuleUI (362)
[2017.06.15-19.16.45:086][840]LogModuleManager: Shutting down and abandoning module MovieSceneTools (360)
[2017.06.15-19.16.45:086][840]LogModuleManager: Shutting down and abandoning module OutputLog (358)
[2017.06.15-19.16.45:086][840]LogModuleManager: Shutting down and abandoning module GammaUI (356)
[2017.06.15-19.16.45:086][840]LogModuleManager: Shutting down and abandoning module Documentation (354)
[2017.06.15-19.16.45:086][840]LogModuleManager: Shutting down and abandoning module MovieSceneTracks (352)
[2017.06.15-19.16.45:086][840]LogModuleManager: Shutting down and abandoning module MovieScene (350)
[2017.06.15-19.16.45:086][840]LogModuleManager: Shutting down and abandoning module Niagara (348)
[2017.06.15-19.16.45:087][840]LogModuleManager: Shutting down and abandoning module NiagaraEditor (347)
[2017.06.15-19.16.45:087][840]LogModuleManager: Shutting down and abandoning module StreamingPauseRendering (344)
[2017.06.15-19.16.45:087][840]LogModuleManager: Shutting down and abandoning module AnalyticsET (342)
[2017.06.15-19.16.45:087][840]LogModuleManager: Shutting down and abandoning module PortalServices (340)
[2017.06.15-19.16.45:087][840]LogModuleManager: Shutting down and abandoning module PortalRpc (338)
[2017.06.15-19.16.45:087][840]LogModuleManager: Shutting down and abandoning module MessagingRpc (336)
[2017.06.15-19.16.45:087][840]LogModuleManager: Shutting down and abandoning module AIModule (334)
[2017.06.15-19.16.45:087][840]LogModuleManager: Shutting down and abandoning module GameplayDebugger (333)
[2017.06.15-19.16.45:087][840]LogModuleManager: Shutting down and abandoning module AITestSuite (331)
[2017.06.15-19.16.45:087][840]LogModuleManager: Shutting down and abandoning module ProfilerService (328)
[2017.06.15-19.16.45:162][840]LogModuleManager: Shutting down and abandoning module TaskGraph (326)
[2017.06.15-19.16.45:162][840]LogModuleManager: Shutting down and abandoning module SteamVRController (324)
[2017.06.15-19.16.45:162][840]LogModuleManager: Shutting down and abandoning module SteamVR (322)
[2017.06.15-19.16.45:162][840]LogModuleManager: Shutting down and abandoning module ProceduralMeshComponentEditor (320)
[2017.06.15-19.16.45:162][840]LogModuleManager: Shutting down and abandoning module ProceduralMeshComponent (318)
[2017.06.15-19.16.45:163][840]LogModuleManager: Shutting down and abandoning module OculusLibrary (316)
[2017.06.15-19.16.45:163][840]LogModuleManager: Shutting down and abandoning module OculusInput (314)
[2017.06.15-19.16.45:163][840]LogModuleManager: Shutting down and abandoning module MobilePatchingUtils (312)
[2017.06.15-19.16.45:163][840]LogModuleManager: Shutting down and abandoning module CustomMeshComponent (310)
[2017.06.15-19.16.45:163][840]LogModuleManager: Shutting down and abandoning module CableComponent (308)
[2017.06.15-19.16.45:163][840]LogModuleManager: Shutting down and abandoning module ArchVisCharacter (306)
[2017.06.15-19.16.45:163][840]LogModuleManager: Shutting down and abandoning module AndroidPermission (304)
[2017.06.15-19.16.45:163][840]LogModuleManager: Shutting down and abandoning module MediaPlayerEditor (300)
[2017.06.15-19.16.45:163][840]LogModuleManager: Shutting down and abandoning module HTML5Networking (298)
[2017.06.15-19.16.45:163][840]LogModuleManager: Shutting down and abandoning module AlembicImporter (296)
[2017.06.15-19.16.45:163][840]LogModuleManager: Shutting down and abandoning module AlembicLibrary (295)
[2017.06.15-19.16.45:163][840]LogModuleManager: Shutting down and abandoning module GeometryCache (294)
[2017.06.15-19.16.45:163][840]LogModuleManager: Shutting down and abandoning module GeometryCacheEd (293)
[2017.06.15-19.16.45:163][840]LogModuleManager: Shutting down and abandoning module SuperSearchEditor (288)
[2017.06.15-19.16.45:163][840]LogModuleManager: Shutting down and abandoning module SuperSearch (287)
[2017.06.15-19.16.45:163][840]LogModuleManager: Shutting down and abandoning module SpeedTreeImporter (284)
[2017.06.15-19.16.45:164][840]LogModuleManager: Shutting down and abandoning module PluginBrowser (282)
[2017.06.15-19.16.45:164][840]LogModuleManager: Shutting down and abandoning module MobileLauncherProfileWizard (280)
[2017.06.15-19.16.45:164][840]LogModuleManager: Shutting down and abandoning module VisualStudioSourceCodeAccess (278)
[2017.06.15-19.16.45:164][840]LogModuleManager: Shutting down and abandoning module DesktopPlatform (277)
[2017.06.15-19.16.45:164][840]LogModuleManager: Shutting down and abandoning module UObjectPlugin (274)
[2017.06.15-19.16.45:164][840]LogModuleManager: Shutting down and abandoning module SubversionSourceControl (272)
[2017.06.15-19.16.45:164][840]LogModuleManager: Shutting down and abandoning module PerforceSourceControl (270)
[2017.06.15-19.16.45:164][840]LogModuleManager: Shutting down and abandoning module GitSourceControl (268)
[2017.06.15-19.16.45:164][840]LogModuleManager: Shutting down and abandoning module SourceControl (267)
[2017.06.15-19.16.45:164][840]LogModuleManager: Shutting down and abandoning module LightPropagationVolumeEditor (264)
[2017.06.15-19.16.45:164][840]LogModuleManager: Shutting down and abandoning module PaperTiledImporter (262)
[2017.06.15-19.16.45:164][840]LogModuleManager: Shutting down and abandoning module PaperSpriteSheetImporter (260)
[2017.06.15-19.16.45:165][840]LogModuleManager: Shutting down and abandoning module Paper2DEditor (258)
[2017.06.15-19.16.45:165][840]LogModuleManager: Shutting down and abandoning module MeshPaint (257)
[2017.06.15-19.16.45:165][840]LogModuleManager: Shutting down and abandoning module LevelEditor (255)
[2017.06.15-19.16.45:168][840]LogModuleManager: Shutting down and abandoning module PixelInspectorModule (254)
[2017.06.15-19.16.45:168][840]LogModuleManager: Shutting down and abandoning module MainFrame (252)
[2017.06.15-19.16.45:168][840]LogModuleManager: Shutting down and abandoning module HotReload (251)
[2017.06.15-19.16.45:170][840]LogModuleManager: Shutting down and abandoning module PhysXVehiclesEditor (246)
[2017.06.15-19.16.45:170][840]LogModuleManager: Shutting down and abandoning module PhysXVehicles (244)
[2017.06.15-19.16.45:170][840]LogModuleManager: Shutting down and abandoning module LocationServicesBPLibrary (242)
[2017.06.15-19.16.45:170][840]LogModuleManager: Shutting down and abandoning module ImmediatePhysicsEditor (240)
[2017.06.15-19.16.45:170][840]LogModuleManager: Shutting down and abandoning module ImmediatePhysics (238)
[2017.06.15-19.16.45:170][840]LogModuleManager: Shutting down and abandoning module UdpMessaging (236)
[2017.06.15-19.16.45:270][840]LogModuleManager: Shutting down and abandoning module TcpMessaging (234)
[2017.06.15-19.16.45:371][840]LogModuleManager: Shutting down and abandoning module GameplayTagsEditor (232)
[2017.06.15-19.16.45:371][840]LogModuleManager: Shutting down and abandoning module FacialAnimationEditor (230)
[2017.06.15-19.16.45:371][840]LogModuleManager: Shutting down and abandoning module FacialAnimation (228)
[2017.06.15-19.16.45:371][840]LogModuleManager: Shutting down and abandoning module AssetManagerEditor (226)
[2017.06.15-19.16.45:371][840]LogModuleManager: Shutting down and abandoning module GraphEditor (225)
[2017.06.15-19.16.45:371][840]LogModuleManager: Shutting down and abandoning module ContentBrowser (223)
[2017.06.15-19.16.45:374][840]LogModuleManager: Shutting down and abandoning module LightPropagationVolumeRuntime (220)
[2017.06.15-19.16.45:374][840]LogModuleManager: Shutting down and abandoning module Paper2D (218)
[2017.06.15-19.16.45:374][840]LogModuleManager: Shutting down and abandoning module WindowsMoviePlayer (216)
[2017.06.15-19.16.45:374][840]LogModuleManager: Shutting down and abandoning module WmfMedia (214)
[2017.06.15-19.16.45:375][840]LogModuleManager: Shutting down and abandoning module ClothingSystemEditor (212)
[2017.06.15-19.16.45:375][840]LogModuleManager: Shutting down and abandoning module ClothingSystemRuntime (210)
[2017.06.15-19.16.45:375][840]LogModuleManager: Shutting down and abandoning module MediaAssets (208)
[2017.06.15-19.16.45:375][840]LogModuleManager: Shutting down and abandoning module GameLiveStreaming (206)
[2017.06.15-19.16.45:375][840]LogModuleManager: Shutting down and abandoning module VREditor (204)
[2017.06.15-19.16.45:375][840]LogModuleManager: Shutting down and abandoning module StringTableEditor (202)
[2017.06.15-19.16.45:375][840]LogModuleManager: Shutting down and abandoning module GameplayTasksEditor (200)
[2017.06.15-19.16.45:376][840]LogModuleManager: Shutting down and abandoning module BehaviorTreeEditor (198)
[2017.06.15-19.16.45:376][840]LogModuleManager: Shutting down and abandoning module FunctionalTesting (196)
[2017.06.15-19.16.45:376][840]LogModuleManager: Shutting down and abandoning module CollisionAnalyzer (194)
[2017.06.15-19.16.45:376][840]LogModuleManager: Shutting down and abandoning module UMG (192)
[2017.06.15-19.16.45:376][840]LogModuleManager: Shutting down and abandoning module UMGEditor (191)
[2017.06.15-19.16.45:376][840]LogModuleManager: Shutting down and abandoning module Sequencer (190)
[2017.06.15-19.16.45:376][840]LogModuleManager: Shutting down and abandoning module AssetTools (188)
[2017.06.15-19.16.45:376][840]LogModuleManager: Shutting down and abandoning module MessageLog (187)
[2017.06.15-19.16.45:376][840]LogModuleManager: Shutting down and abandoning module WorkspaceMenuStructure (186)
[2017.06.15-19.16.45:377][840]LogModuleManager: Shutting down and abandoning module SlateReflector (180)
[2017.06.15-19.16.45:377][840]LogModuleManager: Shutting down and abandoning module Slate (178)
[2017.06.15-19.16.45:377][840]LogModuleManager: Shutting down and abandoning module EditorStyle (176)
[2017.06.15-19.16.45:383][840]LogModuleManager: Shutting down and abandoning module SourceCodeAccess (174)
[2017.06.15-19.16.45:384][840]LogModuleManager: Shutting down and abandoning module HeadMountedDisplay (172)
[2017.06.15-19.16.45:384][840]LogModuleManager: Shutting down and abandoning module XAudio2 (170)
[2017.06.15-19.16.45:384][840]LogModuleManager: Shutting down and abandoning module Networking (168)
[2017.06.15-19.16.45:384][840]LogModuleManager: Shutting down and abandoning module Core (164)
[2017.06.15-19.16.45:384][840]LogModuleManager: Shutting down and abandoning module AssetRegistry (162)
[2017.06.15-19.16.45:640][840]LogDirectoryWatcher: A directory notification for '../../../Engine/Content/' was aborted.
[2017.06.15-19.16.45:640][840]LogDirectoryWatcher: A directory notification for '../../../../../UEProjects/Marduk/Content/' was aborted.
[2017.06.15-19.16.45:640][840]LogDirectoryWatcher: A directory notification for '../../../Engine/Plugins/2D/Paper2D/Content/' was aborted.
[2017.06.15-19.16.45:640][840]LogDirectoryWatcher: A directory notification for '../../../Engine/Plugins/Runtime/GearVR/Content/' was aborted.
[2017.06.15-19.16.45:647][840]LogModuleManager: Shutting down and abandoning module DirectoryWatcher (161)
[2017.06.15-19.16.45:649][840]LogModuleManager: Shutting down and abandoning module KismetCompiler (158)
[2017.06.15-19.16.45:649][840]LogModuleManager: Shutting down and abandoning module LevelSequence (156)
[2017.06.15-19.16.45:649][840]LogModuleManager: Shutting down and abandoning module PhysXFormats (154)
[2017.06.15-19.16.45:649][840]LogModuleManager: Shutting down and abandoning module MeshUtilities (152)
[2017.06.15-19.16.45:649][840]LogModuleManager: Shutting down and abandoning module SimplygonSwarm (151)
[2017.06.15-19.16.45:649][840]LogModuleManager: Shutting down and abandoning module SimplygonMeshReduction (149)
[2017.06.15-19.16.45:649][840]LogModuleManager: Shutting down and abandoning module QuadricMeshReduction (147)
[2017.06.15-19.16.45:649][840]LogModuleManager: Shutting down and abandoning module DerivedDataCache (144)
[2017.06.15-19.16.45:770][840]LogDerivedDataCache: Shutdown
[2017.06.15-19.16.45:771][840]LogModuleManager: Shutting down and abandoning module TargetPlatform (142)
[2017.06.15-19.16.45:771][840]LogModuleManager: Shutting down and abandoning module VulkanShaderFormat (141)
[2017.06.15-19.16.45:771][840]LogModuleManager: Shutting down and abandoning module ShaderFormatVectorVM (139)
[2017.06.15-19.16.45:771][840]LogModuleManager: Shutting down and abandoning module ShaderFormatOpenGL (137)
[2017.06.15-19.16.45:771][840]LogModuleManager: Shutting down and abandoning module ShaderFormatD3D (135)
[2017.06.15-19.16.45:771][840]LogModuleManager: Shutting down and abandoning module MetalShaderFormat (133)
[2017.06.15-19.16.45:771][840]LogModuleManager: Shutting down and abandoning module TextureFormatUncompressed (131)
[2017.06.15-19.16.45:771][840]LogModuleManager: Shutting down and abandoning module TextureFormatPVR (129)
[2017.06.15-19.16.45:771][840]LogModuleManager: Shutting down and abandoning module TextureFormatDXT (127)
[2017.06.15-19.16.45:771][840]LogModuleManager: Shutting down and abandoning module TextureFormatIntelISPCTexComp (125)
[2017.06.15-19.16.45:771][840]LogModuleManager: Shutting down and abandoning module TextureFormatASTC (123)
[2017.06.15-19.16.45:772][840]LogModuleManager: Shutting down and abandoning module ImageWrapper (122)
[2017.06.15-19.16.45:772][840]LogModuleManager: Shutting down and abandoning module TextureFormatAndroid (119)
[2017.06.15-19.16.45:772][840]LogModuleManager: Shutting down and abandoning module AudioFormatOpus (117)
[2017.06.15-19.16.45:772][840]LogModuleManager: Shutting down and abandoning module AudioFormatOgg (115)
[2017.06.15-19.16.45:772][840]LogModuleManager: Shutting down and abandoning module AudioFormatADPCM (113)
[2017.06.15-19.16.45:772][840]LogModuleManager: Shutting down and abandoning module LinuxTargetPlatform (111)
[2017.06.15-19.16.45:772][840]LogModuleManager: Shutting down and abandoning module LinuxServerTargetPlatform (109)
[2017.06.15-19.16.45:772][840]LogModuleManager: Shutting down and abandoning module LinuxNoEditorTargetPlatform (107)
[2017.06.15-19.16.45:772][840]LogModuleManager: Shutting down and abandoning module LinuxClientTargetPlatform (105)
[2017.06.15-19.16.45:772][840]LogModuleManager: Shutting down and abandoning module TVOSTargetPlatform (103)
[2017.06.15-19.16.45:772][840]LogModuleManager: Shutting down and abandoning module Messaging (101)
[2017.06.15-19.16.45:772][840]LogModuleManager: Shutting down and abandoning module IOSTargetPlatform (99)
[2017.06.15-19.16.45:772][840]LogModuleManager: Shutting down and abandoning module HTML5TargetPlatform (97)
[2017.06.15-19.16.45:772][840]LogModuleManager: Shutting down and abandoning module Android_PVRTCTargetPlatform (95)
[2017.06.15-19.16.45:772][840]LogModuleManager: Shutting down and abandoning module Android_MultiTargetPlatform (93)
[2017.06.15-19.16.45:772][840]LogModuleManager: Shutting down and abandoning module Android_ETC2TargetPlatform (91)
[2017.06.15-19.16.45:772][840]LogModuleManager: Shutting down and abandoning module Android_ETC1TargetPlatform (89)
[2017.06.15-19.16.45:772][840]LogModuleManager: Shutting down and abandoning module Android_DXTTargetPlatform (87)
[2017.06.15-19.16.45:772][840]LogModuleManager: Shutting down and abandoning module Android_ATCTargetPlatform (85)
[2017.06.15-19.16.45:772][840]LogModuleManager: Shutting down and abandoning module Android_ASTCTargetPlatform (83)
[2017.06.15-19.16.45:773][840]LogModuleManager: Shutting down and abandoning module AndroidTargetPlatform (81)
[2017.06.15-19.16.45:773][840]LogModuleManager: Shutting down and abandoning module WindowsTargetPlatform (79)
[2017.06.15-19.16.45:773][840]LogModuleManager: Shutting down and abandoning module WindowsServerTargetPlatform (77)
[2017.06.15-19.16.45:773][840]LogModuleManager: Shutting down and abandoning module WindowsNoEditorTargetPlatform (75)
[2017.06.15-19.16.45:773][840]LogModuleManager: Shutting down and abandoning module WindowsClientTargetPlatform (73)
[2017.06.15-19.16.45:773][840]LogModuleManager: Shutting down and abandoning module MacTargetPlatform (71)
[2017.06.15-19.16.45:773][840]LogModuleManager: Shutting down and abandoning module MacServerTargetPlatform (69)
[2017.06.15-19.16.45:773][840]LogModuleManager: Shutting down and abandoning module MacNoEditorTargetPlatform (67)
[2017.06.15-19.16.45:773][840]LogModuleManager: Shutting down and abandoning module MacClientTargetPlatform (65)
[2017.06.15-19.16.45:773][840]LogModuleManager: Shutting down and abandoning module AllDesktopTargetPlatform (63)
[2017.06.15-19.16.45:773][840]LogModuleManager: Shutting down and abandoning module InputCore (60)
[2017.06.15-19.16.45:773][840]LogModuleManager: Shutting down and abandoning module Settings (58)
[2017.06.15-19.16.45:773][840]LogModuleManager: Shutting down and abandoning module OculusRift (56)
[2017.06.15-19.16.45:773][840]LogModuleManager: Shutting down and abandoning module GearVRController (54)
[2017.06.15-19.16.45:773][840]LogModuleManager: Shutting down and abandoning module GearVR (52)
[2017.06.15-19.16.45:773][840]LogModuleManager: Shutting down and abandoning module ExampleDeviceProfileSelector (50)
[2017.06.15-19.16.45:773][840]LogModuleManager: Shutting down and abandoning module OnlineBlueprintSupport (48)
[2017.06.15-19.16.45:774][840]LogModuleManager: Shutting down and abandoning module OnlineSubsystem (44)
[2017.06.15-19.16.45:774][840]LogOnline:Display: Unloading online subsystem: NULL
[2017.06.15-19.16.45:774][840]LogModuleManager: Shutting down and abandoning module XMPP (43)
[2017.06.15-19.16.45:774][840]LogModuleManager: Shutting down and abandoning module HTTP (41)
[2017.06.15-19.16.45:774][840]LogHttp:Display: Http module shutting down, but needs to wait on 1 outstanding Http requests:
[2017.06.15-19.16.45:774][840]LogHttp:Display: 	verb=[POST] url=[https://datarouter.ol.epicgames.com/datarouter/api/v1/public/data?SessionID=%7B3A39307C-4BAD-5EDF-2B6C-208BA5D446A3%7D&AppID=UEEditor.Rocket.Release&AppVersion=4.16.1-3466753%2B%2B%2BUE4%2BRelease-4.16&UserID=765fdb2f42f444858c3c41833f0e8d78%7C4df76d08e4504b40b9086455e778edab%7Ccb348cc2-5fe0-4056-81a0-26364bc0fc09&AppEnvironment=datacollector-binary&UploadType=eteventstream] status=Processing
[2017.06.15-19.16.45:783][840]LogModuleManager: Shutting down and abandoning module SSL (40)
[2017.06.15-19.16.45:789][840]LogModuleManager: Shutting down and abandoning module HTTPChunkInstaller (36)
[2017.06.15-19.16.45:789][840]LogModuleManager: Shutting down and abandoning module AnimationModifiers (34)
[2017.06.15-19.16.45:789][840]LogModuleManager: Shutting down and abandoning module PropertyEditor (33)
[2017.06.15-19.16.45:789][840]LogModuleManager: Shutting down and abandoning module AudioEditor (30)
[2017.06.15-19.16.45:790][840]LogModuleManager: Shutting down and abandoning module TextureCompressor (28)
[2017.06.15-19.16.45:790][840]LogModuleManager: Shutting down and abandoning module ShaderCore (26)
[2017.06.15-19.16.45:790][840]LogModuleManager: Shutting down and abandoning module Landscape (24)
[2017.06.15-19.16.45:790][840]LogModuleManager: Shutting down and abandoning module SlateRHIRenderer (22)
[2017.06.15-19.16.45:793][840]LogModuleManager: Shutting down and abandoning module OpenGLDrv (20)
[2017.06.15-19.16.45:793][840]LogModuleManager: Shutting down and abandoning module D3D11RHI (18)
[2017.06.15-19.16.45:793][840]LogModuleManager: Shutting down and abandoning module AnimGraphRuntime (16)
[2017.06.15-19.16.45:793][840]LogModuleManager: Shutting down and abandoning module Renderer (14)
[2017.06.15-19.16.45:793][840]LogModuleManager: Shutting down and abandoning module Engine (12)
[2017.06.15-19.16.45:793][840]LogModuleManager: Shutting down and abandoning module CoreUObject (10)
[2017.06.15-19.16.45:793][840]LogModuleManager: Shutting down and abandoning module NetworkFile (8)
[2017.06.15-19.16.45:793][840]LogModuleManager: Shutting down and abandoning module StreamingFile (6)
[2017.06.15-19.16.45:793][840]LogModuleManager: Shutting down and abandoning module SandboxFile (4)
[2017.06.15-19.16.45:793][840]LogModuleManager: Shutting down and abandoning module PakFile (2)
[2017.06.15-19.16.45:798][840]LogExit: Exiting.
[2017.06.15-19.16.45:832][840]Log file closed, 06/15/17 22:16:45
